<?xml version="1.0" encoding="UTF-8"?>
<testsuite name="TwoferTest" tests="4" skipped="0" failures="0" errors="0" timestamp="2022-01-24T06:07:55" hostname="DESKTOP-BG8D9KT" time="0.058">
  <properties/>
  <testcase name="noNameGiven" classname="TwoferTest" time="0.057"/>
  <testcase name="emptyStringIsNotTheSameAsNull" classname="TwoferTest" time="0.001"/>
  <testcase name="aNameGiven" classname="TwoferTest" time="0.0"/>
  <testcase name="anotherNameGiven" classname="TwoferTest" time="0.0"/>
  <system-out><![CDATA[]]></system-out>
  <system-err><![CDATA[]]></system-err>
</testsuite>
