<?xml version="1.0" encoding="UTF-8"?>
<testsuite name="FighterTest" tests="5" skipped="0" failures="0" errors="0" timestamp="2022-01-25T07:41:48" hostname="DESKTOP-BG8D9KT" time="0.06">
  <properties/>
  <testcase name="testFighterVulnerableByDefault" classname="FighterTest" time="0.054"/>
  <testcase name="testToString" classname="FighterTest" time="0.004"/>
  <testcase name="testWarriorsDamagePoints" classname="FighterTest" time="0.002"/>
  <testcase name="testWizardsDamagePoints" classname="FighterTest" time="0.0"/>
  <testcase name="testWizardVulnerable" classname="FighterTest" time="0.0"/>
  <system-out><![CDATA[]]></system-out>
  <system-err><![CDATA[]]></system-err>
</testsuite>
