<?xml version="1.0" encoding="UTF-8"?>
<testsuite name="RotationalCipherTest" tests="10" skipped="0" failures="0" errors="0" timestamp="2022-01-24T14:56:47" hostname="DESKTOP-BG8D9KT" time="0.012">
  <properties/>
  <testcase name="rotateCapitalLetters" classname="RotationalCipherTest" time="0.005"/>
  <testcase name="rotateNumbers" classname="RotationalCipherTest" time="0.0"/>
  <testcase name="rotatePunctuation" classname="RotationalCipherTest" time="0.001"/>
  <testcase name="rotateAllLetters" classname="RotationalCipherTest" time="0.002"/>
  <testcase name="rotateSingleCharacterBy0" classname="RotationalCipherTest" time="0.001"/>
  <testcase name="rotateSingleCharacterBy1" classname="RotationalCipherTest" time="0.0"/>
  <testcase name="rotateSingleCharacterBy13" classname="RotationalCipherTest" time="0.0"/>
  <testcase name="rotateSingleCharacterBy26" classname="RotationalCipherTest" time="0.0"/>
  <testcase name="rotateSpaces" classname="RotationalCipherTest" time="0.001"/>
  <testcase name="rotateSingleCharacterWithWrapAround" classname="RotationalCipherTest" time="0.0"/>
  <system-out><![CDATA[5
5
5
4
4
4
4
4
4
4
4
4
4
4
4
4
4
4
4
4
4
4
4
4
7
21
15
15
14
14
21
21
15
15
15
2
13
21
9
21
8
21
21
13
8
5
5
13
13
9
3
11
11
2
13
13
13
13
13
6
13
13
13
10
13
13
13
13
13
13
13
5
13
13
13
8
5
5
12
1
13
13
13
4
13
7
7
0
1
13
1
5
5
5
5
5
1
]]></system-out>
  <system-err><![CDATA[]]></system-err>
</testsuite>
